e:\documents\sfu\ensc 424\hw2\debug\acdec.bsc
e:\documents\sfu\ensc 424\hw2\debug\vc140.pdb
e:\documents\sfu\ensc 424\hw2\debug\vc140.idb
e:\documents\sfu\ensc 424\hw2\debug\acdec.sbr
e:\documents\sfu\ensc 424\hw2\debug\codeclib.sbr
e:\documents\sfu\ensc 424\hw2\debug\xform.sbr
e:\documents\sfu\ensc 424\hw2\debug\xform.obj
e:\documents\sfu\ensc 424\hw2\debug\codeclib.obj
e:\documents\sfu\ensc 424\hw2\debug\acdec.obj
e:\documents\sfu\ensc 424\hw2\debug\acdec.exe
e:\documents\sfu\ensc 424\hw2\debug\acdec.pdb
e:\documents\sfu\ensc 424\hw2\debug\acenc.obj
e:\documents\sfu\ensc 424\hw2\debug\acenc.pdb
e:\documents\sfu\ensc 424\hw2\debug\acenc.bsc
e:\documents\sfu\ensc 424\hw2\debug\acenc.sbr
e:\documents\sfu\ensc 424\hw2\.\debug\acdec.exe
e:\documents\sfu\ensc 424\hw2\debug\acdec.tlog\bscmake.command.1.tlog
e:\documents\sfu\ensc 424\hw2\debug\acdec.tlog\bscmake.read.1.tlog
e:\documents\sfu\ensc 424\hw2\debug\acdec.tlog\bscmake.write.1.tlog
e:\documents\sfu\ensc 424\hw2\debug\acdec.tlog\cl.command.1.tlog
e:\documents\sfu\ensc 424\hw2\debug\acdec.tlog\cl.read.1.tlog
e:\documents\sfu\ensc 424\hw2\debug\acdec.tlog\cl.write.1.tlog
e:\documents\sfu\ensc 424\hw2\debug\acdec.tlog\link.command.1.tlog
e:\documents\sfu\ensc 424\hw2\debug\acdec.tlog\link.read.1.tlog
e:\documents\sfu\ensc 424\hw2\debug\acdec.tlog\link.write.1.tlog
