e:\documents\sfu\ensc 424\hw2\ensc_424_project\debug\acenc.bsc
e:\documents\sfu\ensc 424\hw2\debug\vc140.pdb
e:\documents\sfu\ensc 424\hw2\ensc_424_project\debug\vc140.pdb
e:\documents\sfu\ensc 424\hw2\ensc_424_project\debug\vc140.idb
e:\documents\sfu\ensc 424\hw2\ensc_424_project\debug\acenc.sbr
e:\documents\sfu\ensc 424\hw2\ensc_424_project\debug\codeclib.sbr
e:\documents\sfu\ensc 424\hw2\ensc_424_project\debug\entropyencode.sbr
e:\documents\sfu\ensc 424\hw2\ensc_424_project\debug\xform.sbr
e:\documents\sfu\ensc 424\hw2\ensc_424_project\debug\xform.obj
e:\documents\sfu\ensc 424\hw2\ensc_424_project\debug\entropyencode.obj
e:\documents\sfu\ensc 424\hw2\ensc_424_project\debug\codeclib.obj
e:\documents\sfu\ensc 424\hw2\ensc_424_project\debug\acenc.obj
e:\documents\sfu\ensc 424\hw2\debug\acenc.exe
e:\documents\sfu\ensc 424\hw2\debug\acenc.pdb
e:\documents\sfu\ensc 424\hw2\ensc_424_project\debug\acenc.exe
e:\documents\sfu\ensc 424\hw2\ensc_424_project\debug\acenc.pdb
e:\documents\sfu\ensc 424\hw2\ensc_424_project\.\debug\acenc.exe
e:\documents\sfu\ensc 424\hw2\ensc_424_project\debug\acenc.tlog\bscmake.command.1.tlog
e:\documents\sfu\ensc 424\hw2\ensc_424_project\debug\acenc.tlog\bscmake.read.1.tlog
e:\documents\sfu\ensc 424\hw2\ensc_424_project\debug\acenc.tlog\bscmake.write.1.tlog
e:\documents\sfu\ensc 424\hw2\ensc_424_project\debug\acenc.tlog\cl.command.1.tlog
e:\documents\sfu\ensc 424\hw2\ensc_424_project\debug\acenc.tlog\cl.read.1.tlog
e:\documents\sfu\ensc 424\hw2\ensc_424_project\debug\acenc.tlog\cl.write.1.tlog
e:\documents\sfu\ensc 424\hw2\ensc_424_project\debug\acenc.tlog\link.command.1.tlog
e:\documents\sfu\ensc 424\hw2\ensc_424_project\debug\acenc.tlog\link.read.1.tlog
e:\documents\sfu\ensc 424\hw2\ensc_424_project\debug\acenc.tlog\link.write.1.tlog
